<?xml version="1.0" encoding="UTF-8"?>
<!-- Generated by org.testng.reporters.JUnitReportReporter -->
<testsuite hostname="LP10-8RFSQ93" failures="0" tests="3" name="teseCases.LoginPageTest" time="65.377" errors="0" timestamp="2022-02-16T15:03:14 IST" skipped="0">
  <testcase classname="teseCases.LoginPageTest" name="validatepatronLoginPageTitleTest" time="9.869"/>
  <system-out/>
  <testcase classname="teseCases.LoginPageTest" name="loginTest" time="41.658"/>
  <system-out/>
  <testcase classname="teseCases.LoginPageTest" name="loginTest" time="13.850"/>
  <system-out/>
</testsuite> <!-- teseCases.LoginPageTest -->
