<?xml version="1.0" encoding="UTF-8"?>
<!-- Generated by org.testng.reporters.JUnitReportReporter -->
<testsuite hostname="LP10-8RFSQ93" failures="0" tests="1" name="teseCases.DeleteCalloutTest" time="33.627" errors="0" timestamp="2022-02-23T11:31:07 IST" skipped="0">
  <testcase classname="teseCases.DeleteCalloutTest" name="deleteTest" time="33.627"/>
  <system-out/>
</testsuite> <!-- teseCases.DeleteCalloutTest -->
