<?xml version="1.0" encoding="UTF-8"?>
<!-- Generated by org.testng.reporters.JUnitReportReporter -->
<testsuite hostname="LP10-8RFSQ93" failures="0" tests="1" name="teseCases.EditDirectoryListingsTest" time="18.409" errors="0" timestamp="2022-03-04T17:18:04 IST" skipped="0">
  <testcase classname="teseCases.EditDirectoryListingsTest" name="provideDirectoryListTitle" time="18.409"/>
  <system-out/>
</testsuite> <!-- teseCases.EditDirectoryListingsTest -->
