<?xml version="1.0" encoding="UTF-8"?>
<!-- Generated by org.testng.reporters.JUnitReportReporter -->
<testsuite hostname="LP10-8RFSQ93" failures="0" tests="1" name="teseCases.DashboardPageTest" time="9.899" errors="0" timestamp="2022-02-16T13:02:38 IST" skipped="0">
  <testcase classname="teseCases.DashboardPageTest" name="verifyDashboardTitleTest" time="9.899"/>
  <system-out/>
</testsuite> <!-- teseCases.DashboardPageTest -->
