<?xml version="1.0" encoding="UTF-8"?>
<!-- Generated by org.testng.reporters.JUnitReportReporter -->
<testsuite hostname="LP10-8RFSQ93" failures="0" tests="1" name="teseCases.EditNewsArticlesTest" time="19.692" errors="0" timestamp="2022-02-25T18:40:45 IST" skipped="0">
  <testcase classname="teseCases.EditNewsArticlesTest" name="provideNewsArticleTitle" time="19.692"/>
  <system-out/>
</testsuite> <!-- teseCases.EditNewsArticlesTest -->
