<?xml version="1.0" encoding="UTF-8"?>
<!-- Generated by org.testng.reporters.JUnitReportReporter -->
<testsuite hostname="LP10-8RFSQ93" failures="0" tests="1" name="teseCases.DeleteNewsArticleTest" time="30.649" errors="0" timestamp="2022-02-25T17:23:51 IST" skipped="0">
  <testcase classname="teseCases.DeleteNewsArticleTest" name="deleteTest" time="30.649"/>
  <system-out/>
</testsuite> <!-- teseCases.DeleteNewsArticleTest -->
