<?xml version="1.0" encoding="UTF-8"?>
<!-- Generated by org.testng.reporters.JUnitReportReporter -->
<testsuite hostname="LP10-8RFSQ93" failures="0" tests="2" name="teseCases.EditCallouts" time="70.325" errors="0" timestamp="2022-02-23T14:31:33 IST" skipped="0">
  <testcase classname="teseCases.EditCallouts" name="updateTest" time="24.611"/>
  <system-out/>
  <testcase classname="teseCases.EditCallouts" name="provideCalloutTitle" time="45.714"/>
  <system-out/>
</testsuite> <!-- teseCases.EditCallouts -->
