<?xml version="1.0" encoding="UTF-8"?>
<!-- Generated by org.testng.reporters.JUnitReportReporter -->
<testsuite hostname="LP10-8RFSQ93" failures="0" tests="3" name="teseCases.LoginPageTest" time="71.288" errors="0" timestamp="2022-02-25T12:06:03 IST" skipped="0">
  <testcase classname="teseCases.LoginPageTest" name="loginTest" time="44.527"/>
  <system-out/>
  <testcase classname="teseCases.LoginPageTest" name="loginTest" time="12.825"/>
  <system-out/>
  <testcase classname="teseCases.LoginPageTest" name="validatepatronLoginPageTitleTest" time="13.936"/>
  <system-out/>
</testsuite> <!-- teseCases.LoginPageTest -->
