<?xml version="1.0" encoding="UTF-8"?>
<!-- Generated by org.testng.reporters.JUnitReportReporter -->
<testsuite hostname="LP10-8RFSQ93" failures="0" tests="1" name="teseCases.DeleteDirectoryListingTest" time="27.969" errors="0" timestamp="2022-03-04T17:19:37 IST" skipped="0">
  <testcase classname="teseCases.DeleteDirectoryListingTest" name="deleteTest" time="27.969"/>
  <system-out/>
</testsuite> <!-- teseCases.DeleteDirectoryListingTest -->
