<?xml version="1.0" encoding="UTF-8"?>
<!-- Generated by org.testng.reporters.JUnitReportReporter -->
<testsuite hostname="LP10-8RFSQ93" failures="0" tests="2" name="teseCases.CreateCalloutTestPage" time="65.065" errors="0" timestamp="2022-03-03T16:46:15 IST" skipped="0">
  <testcase classname="teseCases.CreateCalloutTestPage" name="newcalloutcreatetest" time="30.875"/>
  <system-out/>
  <testcase classname="teseCases.CreateCalloutTestPage" name="newcalloutcreatetest" time="34.190"/>
  <system-out/>
</testsuite> <!-- teseCases.CreateCalloutTestPage -->
