<?xml version="1.0" encoding="UTF-8"?>
<!-- Generated by org.testng.reporters.JUnitReportReporter -->
<testsuite hostname="LP10-8RFSQ93" failures="0" tests="1" name="teseCases.EditDatabaseListingTest" time="47.890" errors="0" timestamp="2022-03-02T20:25:20 IST" skipped="0">
  <testcase classname="teseCases.EditDatabaseListingTest" name="provideDatabaseListTitle" time="47.890"/>
  <system-out/>
</testsuite> <!-- teseCases.EditDatabaseListingTest -->
