<?xml version="1.0" encoding="UTF-8"?>
<!-- Generated by org.testng.reporters.JUnitReportReporter -->
<testsuite hostname="LP10-8RFSQ93" failures="0" tests="2" name="teseCases.CreateResourceFlowTestPage" time="63.228" errors="0" timestamp="2022-02-16T16:17:15 IST" skipped="0">
  <testcase classname="teseCases.CreateResourceFlowTestPage" name="newResourceFlowTest" time="30.114"/>
  <system-out/>
  <testcase classname="teseCases.CreateResourceFlowTestPage" name="newResourceFlowTest" time="33.114"/>
  <system-out/>
</testsuite> <!-- teseCases.CreateResourceFlowTestPage -->
