<?xml version="1.0" encoding="UTF-8"?>
<!-- Generated by org.testng.reporters.JUnitReportReporter -->
<testsuite hostname="LP10-8RFSQ93" failures="0" tests="1" name="teseCases.CreateNewsArticlesTestPage" time="14.863" errors="0" timestamp="2022-02-28T17:20:02 IST" skipped="0">
  <testcase classname="teseCases.CreateNewsArticlesTestPage" name="newcalloutcreatetest" time="14.863"/>
  <system-out/>
</testsuite> <!-- teseCases.CreateNewsArticlesTestPage -->
