<?xml version="1.0" encoding="UTF-8"?>
<!-- Generated by org.testng.reporters.JUnitReportReporter -->
<testsuite hostname="LP10-8RFSQ93" failures="0" tests="1" name="teseCases.DeleteCustomTest" time="34.418" errors="0" timestamp="2022-03-02T15:20:44 IST" skipped="0">
  <testcase classname="teseCases.DeleteCustomTest" name="deleteTest" time="34.418"/>
  <system-out/>
</testsuite> <!-- teseCases.DeleteCustomTest -->
