<?xml version="1.0" encoding="UTF-8"?>
<!-- Generated by org.testng.reporters.JUnitReportReporter -->
<testsuite hostname="LP10-8RFSQ93" failures="0" tests="1" name="teseCases.DeleteResourceFlowTest" time="35.381" errors="0" timestamp="2022-02-24T13:21:01 IST" skipped="0">
  <testcase classname="teseCases.DeleteResourceFlowTest" name="deleteTest" time="35.381"/>
  <system-out/>
</testsuite> <!-- teseCases.DeleteResourceFlowTest -->
