<?xml version="1.0" encoding="UTF-8"?>
<!-- Generated by org.testng.reporters.JUnitReportReporter -->
<testsuite hostname="LP10-8RFSQ93" failures="0" tests="2" name="teseCases.EditResourceFlowsTest" time="51.178" errors="0" timestamp="2022-02-24T17:07:21 IST" skipped="0">
  <testcase classname="teseCases.EditResourceFlowsTest" name="updateTest" time="26.075"/>
  <system-out/>
  <testcase classname="teseCases.EditResourceFlowsTest" name="provideCalloutTitle" time="25.103"/>
  <system-out/>
</testsuite> <!-- teseCases.EditResourceFlowsTest -->
