<?xml version="1.0" encoding="UTF-8"?>
<!-- Generated by org.testng.reporters.JUnitReportReporter -->
<testsuite hostname="LP10-8RFSQ93" failures="0" tests="2" name="teseCases.CreateResourceFlowTestPage" time="39.394" errors="0" timestamp="2022-02-24T11:45:16 IST" skipped="0">
  <testcase classname="teseCases.CreateResourceFlowTestPage" name="newResourceFlowTest" time="19.583"/>
  <system-out/>
  <testcase classname="teseCases.CreateResourceFlowTestPage" name="newResourceFlowTest" time="19.811"/>
  <system-out/>
</testsuite> <!-- teseCases.CreateResourceFlowTestPage -->
