<?xml version="1.0" encoding="UTF-8"?>
<!-- Generated by org.testng.reporters.JUnitReportReporter -->
<testsuite hostname="LP10-8RFSQ93" failures="0" tests="2" name="teseCases.LoginPageTest" time="48.388" errors="0" timestamp="2022-02-14T09:24:40 IST" skipped="0">
  <testcase classname="teseCases.LoginPageTest" name="loginTest" time="30.309"/>
  <system-out/>
  <testcase classname="teseCases.LoginPageTest" name="loginTest" time="18.079"/>
  <system-out/>
</testsuite> <!-- teseCases.LoginPageTest -->
