<?xml version="1.0" encoding="UTF-8"?>
<!-- Generated by org.testng.reporters.JUnitReportReporter -->
<testsuite hostname="LP10-8RFSQ93" failures="0" tests="1" name="teseCases.DeleteDatabaseListingTest" time="31.062" errors="0" timestamp="2022-03-02T17:59:53 IST" skipped="0">
  <testcase classname="teseCases.DeleteDatabaseListingTest" name="deleteTest" time="31.062"/>
  <system-out/>
</testsuite> <!-- teseCases.DeleteDatabaseListingTest -->
