<?xml version="1.0" encoding="UTF-8"?>
<!-- Generated by org.testng.reporters.JUnitReportReporter -->
<testsuite hostname="LP10-8RFSQ93" failures="0" tests="1" name="teseCases.EditCustomBlockTest" time="45.017" errors="0" timestamp="2022-03-02T15:07:27 IST" skipped="0">
  <testcase classname="teseCases.EditCustomBlockTest" name="provideNewsArticleTitle" time="45.017"/>
  <system-out/>
</testsuite> <!-- teseCases.EditCustomBlockTest -->
