<?xml version="1.0" encoding="UTF-8"?>
<!-- Generated by org.testng.reporters.JUnitReportReporter -->
<testsuite hostname="LP10-8RFSQ93" failures="0" tests="1" name="teseCases.DashboardPageTest" time="12.030" errors="0" timestamp="2022-02-21T10:05:59 IST" skipped="0">
  <testcase classname="teseCases.DashboardPageTest" name="verifyDashboardTitleTest" time="12.030"/>
  <system-out/>
</testsuite> <!-- teseCases.DashboardPageTest -->
