<?xml version="1.0" encoding="UTF-8"?>
<!-- Generated by org.testng.reporters.JUnitReportReporter -->
<testsuite hostname="LP10-8RFSQ93" failures="0" tests="1" name="teseCases.DeleteNewsArticleTest" time="24.443" errors="0" timestamp="2022-03-04T17:31:26 IST" skipped="0">
  <testcase classname="teseCases.DeleteNewsArticleTest" name="deleteTest" time="24.443"/>
  <system-out/>
</testsuite> <!-- teseCases.DeleteNewsArticleTest -->
