<?xml version="1.0" encoding="UTF-8"?>
<!-- Generated by org.testng.reporters.JUnitReportReporter -->
<testsuite hostname="LP10-8RFSQ93" failures="0" tests="3" name="teseCases.LoginPageTest" time="57.925" errors="0" timestamp="2022-03-04T17:31:26 IST" skipped="0">
  <testcase classname="teseCases.LoginPageTest" name="loginTest" time="10.036"/>
  <system-out/>
  <testcase classname="teseCases.LoginPageTest" name="loginTest" time="41.001"/>
  <system-out/>
  <testcase classname="teseCases.LoginPageTest" name="validatepatronLoginPageTitleTest" time="6.888"/>
  <system-out/>
</testsuite> <!-- teseCases.LoginPageTest -->
