<?xml version="1.0" encoding="UTF-8"?>
<!-- Generated by org.testng.reporters.JUnitReportReporter -->
<testsuite hostname="LP10-8RFSQ93" failures="0" tests="2" name="teseCases.CreateCalloutTestPage" time="60.538" errors="0" timestamp="2022-03-04T17:31:26 IST" skipped="0">
  <testcase classname="teseCases.CreateCalloutTestPage" name="newcalloutcreatetest" time="30.837"/>
  <system-out/>
  <testcase classname="teseCases.CreateCalloutTestPage" name="newcalloutcreatetest" time="29.701"/>
  <system-out/>
</testsuite> <!-- teseCases.CreateCalloutTestPage -->
