<?xml version="1.0" encoding="UTF-8"?>
<!-- Generated by org.testng.reporters.JUnitReportReporter -->
<testsuite hostname="LP10-8RFSQ93" failures="0" tests="2" name="teseCases.LoginPageTest" time="9.152" errors="0" timestamp="2022-02-11T14:31:44 IST" skipped="1">
  <testcase classname="teseCases.LoginPageTest" name="validatepatronLoginPageTitleTest" time="9.152"/>
  <system-out/>
  <testcase classname="teseCases.LoginPageTest" name="loginTest" time="0.000">
    <skipped/>
  </testcase> <!-- loginTest -->
  <system-out/>
</testsuite> <!-- teseCases.LoginPageTest -->
