<?xml version="1.0" encoding="UTF-8"?>
<!-- Generated by org.testng.reporters.JUnitReportReporter -->
<testsuite hostname="LP10-8RFSQ93" failures="0" tests="1" name="teseCases.DeleteResourceFlowTest" time="31.062" errors="0" timestamp="2022-03-04T17:31:26 IST" skipped="0">
  <testcase classname="teseCases.DeleteResourceFlowTest" name="deleteTest" time="31.062"/>
  <system-out/>
</testsuite> <!-- teseCases.DeleteResourceFlowTest -->
