<?xml version="1.0" encoding="UTF-8"?>
<!-- Generated by org.testng.reporters.JUnitReportReporter -->
<testsuite hostname="LP10-8RFSQ93" failures="0" tests="1" name="teseCases.DeleteCustomTest" time="23.275" errors="0" timestamp="2022-03-04T17:31:26 IST" skipped="0">
  <testcase classname="teseCases.DeleteCustomTest" name="deleteTest" time="23.275"/>
  <system-out/>
</testsuite> <!-- teseCases.DeleteCustomTest -->
