<?xml version="1.0" encoding="UTF-8"?>
<!-- Generated by org.testng.reporters.JUnitReportReporter -->
<testsuite hostname="LP10-8RFSQ93" failures="0" tests="1" name="teseCases.DashboardPageTest" time="17.317" errors="0" timestamp="2022-02-11T14:31:44 IST" skipped="0">
  <testcase classname="teseCases.DashboardPageTest" name="calloutsTiletest" time="17.317"/>
  <system-out/>
</testsuite> <!-- teseCases.DashboardPageTest -->
