<?xml version="1.0" encoding="UTF-8"?>
<!-- Generated by org.testng.reporters.JUnitReportReporter -->
<testsuite hostname="LP10-8RFSQ93" failures="0" tests="2" name="teseCases.CreateCalloutTestPage" time="51.769" errors="0" timestamp="2022-02-16T17:59:34 IST" skipped="0">
  <testcase classname="teseCases.CreateCalloutTestPage" name="newcalloutcreatetest" time="24.769"/>
  <system-out/>
  <testcase classname="teseCases.CreateCalloutTestPage" name="newcalloutcreatetest" time="27.000"/>
  <system-out/>
</testsuite> <!-- teseCases.CreateCalloutTestPage -->
