<?xml version="1.0" encoding="UTF-8"?>
<!-- Generated by org.testng.reporters.JUnitReportReporter -->
<testsuite hostname="LP10-8RFSQ93" failures="0" tests="3" name="teseCases.LoginPageTest" time="55.190" errors="0" timestamp="2022-02-17T10:47:40 IST" skipped="0">
  <testcase classname="teseCases.LoginPageTest" name="validatepatronLoginPageTitleTest" time="7.091"/>
  <system-out/>
  <testcase classname="teseCases.LoginPageTest" name="loginTest" time="9.542"/>
  <system-out/>
  <testcase classname="teseCases.LoginPageTest" name="loginTest" time="38.557"/>
  <system-out/>
</testsuite> <!-- teseCases.LoginPageTest -->
