<?xml version="1.0" encoding="UTF-8"?>
<!-- Generated by org.testng.reporters.JUnitReportReporter -->
<testsuite hostname="LP10-8RFSQ93" failures="0" tests="3" name="teseCases.LoginPageTest" time="59.522" errors="0" timestamp="2022-02-16T17:59:34 IST" skipped="0">
  <testcase classname="teseCases.LoginPageTest" name="validatepatronLoginPageTitleTest" time="7.477"/>
  <system-out/>
  <testcase classname="teseCases.LoginPageTest" name="loginTest" time="10.685"/>
  <system-out/>
  <testcase classname="teseCases.LoginPageTest" name="loginTest" time="41.360"/>
  <system-out/>
</testsuite> <!-- teseCases.LoginPageTest -->
